CRITICAL - 2022-03-04 21:11:31 --> Decrypting: authentication failed.
#0 C:\laragon\www\research\system\Encryption\Handlers\OpenSSLHandler.php(98): CodeIgniter\Encryption\Exceptions\EncryptionException::forAuthenticationFailed()
#1 C:\laragon\www\research\app\Views\user.php(165): CodeIgniter\Encryption\Handlers\OpenSSLHandler->decrypt('')
#2 C:\laragon\www\research\system\View\View.php(210): include('C:\\laragon\\www\\...')
#3 C:\laragon\www\research\system\View\View.php(213): CodeIgniter\View\View->CodeIgniter\View\{closure}()
#4 C:\laragon\www\research\system\Common.php(1089): CodeIgniter\View\View->render('/user', Array, true)
#5 C:\laragon\www\research\app\Controllers\Useracc.php(30): view('/user', Array)
#6 C:\laragon\www\research\system\CodeIgniter.php(832): App\Controllers\Useracc->index()
#7 C:\laragon\www\research\system\CodeIgniter.php(419): CodeIgniter\CodeIgniter->runController(Object(App\Controllers\Useracc))
#8 C:\laragon\www\research\system\CodeIgniter.php(326): CodeIgniter\CodeIgniter->handleRequest(NULL, Object(Config\Cache), false)
#9 C:\laragon\www\research\public\index.php(37): CodeIgniter\CodeIgniter->run()
#10 {main}
CRITICAL - 2022-03-04 21:14:05 --> Decrypting: authentication failed.
#0 C:\laragon\www\research\system\Encryption\Handlers\OpenSSLHandler.php(98): CodeIgniter\Encryption\Exceptions\EncryptionException::forAuthenticationFailed()
#1 C:\laragon\www\research\app\Views\user.php(328): CodeIgniter\Encryption\Handlers\OpenSSLHandler->decrypt('')
#2 C:\laragon\www\research\system\View\View.php(210): include('C:\\laragon\\www\\...')
#3 C:\laragon\www\research\system\View\View.php(213): CodeIgniter\View\View->CodeIgniter\View\{closure}()
#4 C:\laragon\www\research\system\Common.php(1089): CodeIgniter\View\View->render('/user', Array, true)
#5 C:\laragon\www\research\app\Controllers\Useracc.php(30): view('/user', Array)
#6 C:\laragon\www\research\system\CodeIgniter.php(832): App\Controllers\Useracc->index()
#7 C:\laragon\www\research\system\CodeIgniter.php(419): CodeIgniter\CodeIgniter->runController(Object(App\Controllers\Useracc))
#8 C:\laragon\www\research\system\CodeIgniter.php(326): CodeIgniter\CodeIgniter->handleRequest(NULL, Object(Config\Cache), false)
#9 C:\laragon\www\research\public\index.php(37): CodeIgniter\CodeIgniter->run()
#10 {main}
CRITICAL - 2022-03-04 21:14:29 --> Decrypting: authentication failed.
#0 C:\laragon\www\research\system\Encryption\Handlers\OpenSSLHandler.php(98): CodeIgniter\Encryption\Exceptions\EncryptionException::forAuthenticationFailed()
#1 C:\laragon\www\research\app\Views\user.php(165): CodeIgniter\Encryption\Handlers\OpenSSLHandler->decrypt('')
#2 C:\laragon\www\research\system\View\View.php(210): include('C:\\laragon\\www\\...')
#3 C:\laragon\www\research\system\View\View.php(213): CodeIgniter\View\View->CodeIgniter\View\{closure}()
#4 C:\laragon\www\research\system\Common.php(1089): CodeIgniter\View\View->render('/user', Array, true)
#5 C:\laragon\www\research\app\Controllers\Useracc.php(30): view('/user', Array)
#6 C:\laragon\www\research\system\CodeIgniter.php(832): App\Controllers\Useracc->index()
#7 C:\laragon\www\research\system\CodeIgniter.php(419): CodeIgniter\CodeIgniter->runController(Object(App\Controllers\Useracc))
#8 C:\laragon\www\research\system\CodeIgniter.php(326): CodeIgniter\CodeIgniter->handleRequest(NULL, Object(Config\Cache), false)
#9 C:\laragon\www\research\public\index.php(37): CodeIgniter\CodeIgniter->run()
#10 {main}
CRITICAL - 2022-03-04 21:15:56 --> Decrypting: authentication failed.
#0 C:\laragon\www\research\system\Encryption\Handlers\OpenSSLHandler.php(98): CodeIgniter\Encryption\Exceptions\EncryptionException::forAuthenticationFailed()
#1 C:\laragon\www\research\app\Views\user.php(165): CodeIgniter\Encryption\Handlers\OpenSSLHandler->decrypt('')
#2 C:\laragon\www\research\system\View\View.php(210): include('C:\\laragon\\www\\...')
#3 C:\laragon\www\research\system\View\View.php(213): CodeIgniter\View\View->CodeIgniter\View\{closure}()
#4 C:\laragon\www\research\system\Common.php(1089): CodeIgniter\View\View->render('/user', Array, true)
#5 C:\laragon\www\research\app\Controllers\Useracc.php(30): view('/user', Array)
#6 C:\laragon\www\research\system\CodeIgniter.php(832): App\Controllers\Useracc->index()
#7 C:\laragon\www\research\system\CodeIgniter.php(419): CodeIgniter\CodeIgniter->runController(Object(App\Controllers\Useracc))
#8 C:\laragon\www\research\system\CodeIgniter.php(326): CodeIgniter\CodeIgniter->handleRequest(NULL, Object(Config\Cache), false)
#9 C:\laragon\www\research\public\index.php(37): CodeIgniter\CodeIgniter->run()
#10 {main}
CRITICAL - 2022-03-04 21:24:05 --> Undefined variable $encrypter
#0 C:\laragon\www\research\app\Views\user.php(163): CodeIgniter\Debug\Exceptions->errorHandler(2, 'Undefined varia...', 'C:\\laragon\\www\\...', 163)
#1 C:\laragon\www\research\system\View\View.php(210): include('C:\\laragon\\www\\...')
#2 C:\laragon\www\research\system\View\View.php(213): CodeIgniter\View\View->CodeIgniter\View\{closure}()
#3 C:\laragon\www\research\system\Common.php(1089): CodeIgniter\View\View->render('/user', Array, true)
#4 C:\laragon\www\research\app\Controllers\Useracc.php(29): view('/user', Array)
#5 C:\laragon\www\research\system\CodeIgniter.php(832): App\Controllers\Useracc->index()
#6 C:\laragon\www\research\system\CodeIgniter.php(419): CodeIgniter\CodeIgniter->runController(Object(App\Controllers\Useracc))
#7 C:\laragon\www\research\system\CodeIgniter.php(326): CodeIgniter\CodeIgniter->handleRequest(NULL, Object(Config\Cache), false)
#8 C:\laragon\www\research\public\index.php(37): CodeIgniter\CodeIgniter->run()
#9 {main}
CRITICAL - 2022-03-04 21:24:11 --> Decrypting: authentication failed.
#0 C:\laragon\www\research\system\Encryption\Handlers\OpenSSLHandler.php(98): CodeIgniter\Encryption\Exceptions\EncryptionException::forAuthenticationFailed()
#1 C:\laragon\www\research\app\Views\user.php(165): CodeIgniter\Encryption\Handlers\OpenSSLHandler->decrypt('')
#2 C:\laragon\www\research\system\View\View.php(210): include('C:\\laragon\\www\\...')
#3 C:\laragon\www\research\system\View\View.php(213): CodeIgniter\View\View->CodeIgniter\View\{closure}()
#4 C:\laragon\www\research\system\Common.php(1089): CodeIgniter\View\View->render('/user', Array, true)
#5 C:\laragon\www\research\app\Controllers\Useracc.php(30): view('/user', Array)
#6 C:\laragon\www\research\system\CodeIgniter.php(832): App\Controllers\Useracc->index()
#7 C:\laragon\www\research\system\CodeIgniter.php(419): CodeIgniter\CodeIgniter->runController(Object(App\Controllers\Useracc))
#8 C:\laragon\www\research\system\CodeIgniter.php(326): CodeIgniter\CodeIgniter->handleRequest(NULL, Object(Config\Cache), false)
#9 C:\laragon\www\research\public\index.php(37): CodeIgniter\CodeIgniter->run()
#10 {main}
CRITICAL - 2022-03-04 21:25:20 --> Decrypting: authentication failed.
#0 C:\laragon\www\research\system\Encryption\Handlers\OpenSSLHandler.php(98): CodeIgniter\Encryption\Exceptions\EncryptionException::forAuthenticationFailed()
#1 C:\laragon\www\research\app\Views\user.php(165): CodeIgniter\Encryption\Handlers\OpenSSLHandler->decrypt('')
#2 C:\laragon\www\research\system\View\View.php(210): include('C:\\laragon\\www\\...')
#3 C:\laragon\www\research\system\View\View.php(213): CodeIgniter\View\View->CodeIgniter\View\{closure}()
#4 C:\laragon\www\research\system\Common.php(1089): CodeIgniter\View\View->render('/user', Array, true)
#5 C:\laragon\www\research\app\Controllers\Useracc.php(30): view('/user', Array)
#6 C:\laragon\www\research\system\CodeIgniter.php(832): App\Controllers\Useracc->index()
#7 C:\laragon\www\research\system\CodeIgniter.php(419): CodeIgniter\CodeIgniter->runController(Object(App\Controllers\Useracc))
#8 C:\laragon\www\research\system\CodeIgniter.php(326): CodeIgniter\CodeIgniter->handleRequest(NULL, Object(Config\Cache), false)
#9 C:\laragon\www\research\public\index.php(37): CodeIgniter\CodeIgniter->run()
#10 {main}
CRITICAL - 2022-03-04 21:25:30 --> Decrypting: authentication failed.
#0 C:\laragon\www\research\system\Encryption\Handlers\OpenSSLHandler.php(98): CodeIgniter\Encryption\Exceptions\EncryptionException::forAuthenticationFailed()
#1 C:\laragon\www\research\app\Views\user.php(165): CodeIgniter\Encryption\Handlers\OpenSSLHandler->decrypt('')
#2 C:\laragon\www\research\system\View\View.php(210): include('C:\\laragon\\www\\...')
#3 C:\laragon\www\research\system\View\View.php(213): CodeIgniter\View\View->CodeIgniter\View\{closure}()
#4 C:\laragon\www\research\system\Common.php(1089): CodeIgniter\View\View->render('/user', Array, true)
#5 C:\laragon\www\research\app\Controllers\Useracc.php(30): view('/user', Array)
#6 C:\laragon\www\research\system\CodeIgniter.php(832): App\Controllers\Useracc->index()
#7 C:\laragon\www\research\system\CodeIgniter.php(419): CodeIgniter\CodeIgniter->runController(Object(App\Controllers\Useracc))
#8 C:\laragon\www\research\system\CodeIgniter.php(326): CodeIgniter\CodeIgniter->handleRequest(NULL, Object(Config\Cache), false)
#9 C:\laragon\www\research\public\index.php(37): CodeIgniter\CodeIgniter->run()
#10 {main}
CRITICAL - 2022-03-04 21:25:37 --> Decrypting: authentication failed.
#0 C:\laragon\www\research\system\Encryption\Handlers\OpenSSLHandler.php(98): CodeIgniter\Encryption\Exceptions\EncryptionException::forAuthenticationFailed()
#1 C:\laragon\www\research\app\Views\user.php(165): CodeIgniter\Encryption\Handlers\OpenSSLHandler->decrypt('')
#2 C:\laragon\www\research\system\View\View.php(210): include('C:\\laragon\\www\\...')
#3 C:\laragon\www\research\system\View\View.php(213): CodeIgniter\View\View->CodeIgniter\View\{closure}()
#4 C:\laragon\www\research\system\Common.php(1089): CodeIgniter\View\View->render('/user', Array, true)
#5 C:\laragon\www\research\app\Controllers\Useracc.php(30): view('/user', Array)
#6 C:\laragon\www\research\system\CodeIgniter.php(832): App\Controllers\Useracc->index()
#7 C:\laragon\www\research\system\CodeIgniter.php(419): CodeIgniter\CodeIgniter->runController(Object(App\Controllers\Useracc))
#8 C:\laragon\www\research\system\CodeIgniter.php(326): CodeIgniter\CodeIgniter->handleRequest(NULL, Object(Config\Cache), false)
#9 C:\laragon\www\research\public\index.php(37): CodeIgniter\CodeIgniter->run()
#10 {main}
CRITICAL - 2022-03-04 21:25:48 --> Decrypting: authentication failed.
#0 C:\laragon\www\research\system\Encryption\Handlers\OpenSSLHandler.php(98): CodeIgniter\Encryption\Exceptions\EncryptionException::forAuthenticationFailed()
#1 C:\laragon\www\research\app\Views\user.php(165): CodeIgniter\Encryption\Handlers\OpenSSLHandler->decrypt('')
#2 C:\laragon\www\research\system\View\View.php(210): include('C:\\laragon\\www\\...')
#3 C:\laragon\www\research\system\View\View.php(213): CodeIgniter\View\View->CodeIgniter\View\{closure}()
#4 C:\laragon\www\research\system\Common.php(1089): CodeIgniter\View\View->render('/user', Array, true)
#5 C:\laragon\www\research\app\Controllers\Useracc.php(30): view('/user', Array)
#6 C:\laragon\www\research\system\CodeIgniter.php(832): App\Controllers\Useracc->index()
#7 C:\laragon\www\research\system\CodeIgniter.php(419): CodeIgniter\CodeIgniter->runController(Object(App\Controllers\Useracc))
#8 C:\laragon\www\research\system\CodeIgniter.php(326): CodeIgniter\CodeIgniter->handleRequest(NULL, Object(Config\Cache), false)
#9 C:\laragon\www\research\public\index.php(37): CodeIgniter\CodeIgniter->run()
#10 {main}
CRITICAL - 2022-03-04 21:26:40 --> Decrypting: authentication failed.
#0 C:\laragon\www\research\system\Encryption\Handlers\OpenSSLHandler.php(98): CodeIgniter\Encryption\Exceptions\EncryptionException::forAuthenticationFailed()
#1 C:\laragon\www\research\app\Views\user.php(165): CodeIgniter\Encryption\Handlers\OpenSSLHandler->decrypt('')
#2 C:\laragon\www\research\system\View\View.php(210): include('C:\\laragon\\www\\...')
#3 C:\laragon\www\research\system\View\View.php(213): CodeIgniter\View\View->CodeIgniter\View\{closure}()
#4 C:\laragon\www\research\system\Common.php(1089): CodeIgniter\View\View->render('/user', Array, true)
#5 C:\laragon\www\research\app\Controllers\Useracc.php(30): view('/user', Array)
#6 C:\laragon\www\research\system\CodeIgniter.php(832): App\Controllers\Useracc->index()
#7 C:\laragon\www\research\system\CodeIgniter.php(419): CodeIgniter\CodeIgniter->runController(Object(App\Controllers\Useracc))
#8 C:\laragon\www\research\system\CodeIgniter.php(326): CodeIgniter\CodeIgniter->handleRequest(NULL, Object(Config\Cache), false)
#9 C:\laragon\www\research\public\index.php(37): CodeIgniter\CodeIgniter->run()
#10 {main}
CRITICAL - 2022-03-04 21:40:23 --> Decrypting: authentication failed.
#0 C:\laragon\www\research\system\Encryption\Handlers\OpenSSLHandler.php(98): CodeIgniter\Encryption\Exceptions\EncryptionException::forAuthenticationFailed()
#1 C:\laragon\www\research\app\Views\pembayaran.php(551): CodeIgniter\Encryption\Handlers\OpenSSLHandler->decrypt('')
#2 C:\laragon\www\research\system\View\View.php(210): include('C:\\laragon\\www\\...')
#3 C:\laragon\www\research\system\View\View.php(213): CodeIgniter\View\View->CodeIgniter\View\{closure}()
#4 C:\laragon\www\research\system\Common.php(1089): CodeIgniter\View\View->render('/pembayaran', Array, true)
#5 C:\laragon\www\research\app\Controllers\Latihan.php(37): view('/pembayaran', Array)
#6 C:\laragon\www\research\system\CodeIgniter.php(832): App\Controllers\Latihan->index()
#7 C:\laragon\www\research\system\CodeIgniter.php(419): CodeIgniter\CodeIgniter->runController(Object(App\Controllers\Latihan))
#8 C:\laragon\www\research\system\CodeIgniter.php(326): CodeIgniter\CodeIgniter->handleRequest(NULL, Object(Config\Cache), false)
#9 C:\laragon\www\research\public\index.php(37): CodeIgniter\CodeIgniter->run()
#10 {main}
CRITICAL - 2022-03-04 21:44:24 --> Decrypting: authentication failed.
#0 C:\laragon\www\research\system\Encryption\Handlers\OpenSSLHandler.php(98): CodeIgniter\Encryption\Exceptions\EncryptionException::forAuthenticationFailed()
#1 C:\laragon\www\research\app\Views\pembayaran.php(551): CodeIgniter\Encryption\Handlers\OpenSSLHandler->decrypt('')
#2 C:\laragon\www\research\system\View\View.php(210): include('C:\\laragon\\www\\...')
#3 C:\laragon\www\research\system\View\View.php(213): CodeIgniter\View\View->CodeIgniter\View\{closure}()
#4 C:\laragon\www\research\system\Common.php(1089): CodeIgniter\View\View->render('/pembayaran', Array, true)
#5 C:\laragon\www\research\app\Controllers\Latihan.php(37): view('/pembayaran', Array)
#6 C:\laragon\www\research\system\CodeIgniter.php(832): App\Controllers\Latihan->index()
#7 C:\laragon\www\research\system\CodeIgniter.php(419): CodeIgniter\CodeIgniter->runController(Object(App\Controllers\Latihan))
#8 C:\laragon\www\research\system\CodeIgniter.php(326): CodeIgniter\CodeIgniter->handleRequest(NULL, Object(Config\Cache), false)
#9 C:\laragon\www\research\public\index.php(37): CodeIgniter\CodeIgniter->run()
#10 {main}
